<html>
<head>
<title>TestNG:  Default test</title>
<link href="../testng.css" rel="stylesheet" type="text/css" />
<link href="../my-testng.css" rel="stylesheet" type="text/css" />

<style type="text/css">
.log { display: none;} 
.stack-trace { display: none;} 
</style>
<script type="text/javascript">
<!--
function flip(e) {
  current = e.style.display;
  if (current == 'block') {
    e.style.display = 'none';
    return 0;
  }
  else {
    e.style.display = 'block';
    return 1;
  }
}

function toggleBox(szDivId, elem, msg1, msg2)
{
  var res = -1;  if (document.getElementById) {
    res = flip(document.getElementById(szDivId));
  }
  else if (document.all) {
    // this is the way old msie versions work
    res = flip(document.all[szDivId]);
  }
  if(elem) {
    if(res == 0) elem.innerHTML = msg1; else elem.innerHTML = msg2;
  }

}

function toggleAllBoxes() {
  if (document.getElementsByTagName) {
    d = document.getElementsByTagName('div');
    for (i = 0; i < d.length; i++) {
      if (d[i].className == 'log') {
        flip(d[i]);
      }
    }
  }
}

// -->
</script>

</head>
<body>
<h2 align='center'>Default test</h2><table border='1' align="center">
<tr>
<td>Tests passed/Failed/Skipped:</td><td>57/2/0</td>
</tr><tr>
<td>Started on:</td><td>Fri Nov 07 12:33:01 IST 2014</td>
</tr>
<tr><td>Total time:</td><td>4885 seconds (4885038 ms)</td>
</tr><tr>
<td>Included groups:</td><td></td>
</tr><tr>
<td>Excluded groups:</td><td></td>
</tr>
</table><p/>
<small><i>(Hover the method name to see the test class name)</i></small><p/>
<table width='100%' border='1' class='invocation-failed'>
<tr><td colspan='4' align='center'><b>FAILED TESTS</b></td></tr>
<tr><td><b>Test method</b></td>
<td width="30%"><b>Exception</b></td>
<td width="10%"><b>Time (seconds)</b></td>
<td><b>Instance</b></td>
</tr>
<tr>
<td title='com.unicel.testCases.HybridExecuteTest.testCasesExe()'><b>testCasesExe</b><br>Test class: com.unicel.testCases.HybridExecuteTest<br>Parameters: , WAIT, , , , Y</td>
<td><div><pre>org.openqa.selenium.UnhandledAlertException: Modal dialog present: actone:1acttwo:1actthree:1actfour:1
Build info: version: &apos;2.41.0&apos;, revision: &apos;3192d8a&apos;, time: &apos;2014-03-27 17:18:15&apos;
System info: host: &apos;Java-Lpt-Vishal&apos;, ip: &apos;193.168.2.100&apos;, os.name: &apos;Windows 7&apos;, os.arch: &apos;amd64&apos;, os.version: &apos;6.1&apos;, java.version: &apos;1.7.0_60&apos;
Session ID: 1914c7d1-f4dc-4ac7-9caa-c0018458663e
Driver info: org.openqa.selenium.firefox.FirefoxDriver
Capabilities [{platform=XP, acceptSslCerts=true, javascriptEnabled=true, cssSelectorsEnabled=true, databaseEnabled=true, browserName=firefox, handlesAlerts=true, browserConnectionEnabled=true, webStorageEnabled=true, nativeEvents=true, rotatable=false, locationContextEnabled=true, applicationCacheEnabled=true, takesScreenshot=true, version=28.0}]
	at sun.reflect.NativeConstructorAccessorImpl.newInstance0(Native Method)
	at sun.reflect.NativeConstructorAccessorImpl.newInstance(NativeConstructorAccessorImpl.java:57)
	at sun.reflect.DelegatingConstructorAccessorImpl.newInstance(DelegatingConstructorAccessorImpl.java:45)
	at java.lang.reflect.Constructor.newInstance(Constructor.java:526)
	at org.openqa.selenium.remote.ErrorHandler.createThrowable(ErrorHandler.java:193)
	at org.openqa.selenium.remote.ErrorHandler.createUnhandledAlertException(ErrorHandler.java:174)
	at org.openqa.selenium.remote.ErrorHandler.throwIfResponseFailed(ErrorHandler.java:141)
	at org.openqa.selenium.remote.RemoteWebDriver.execute(RemoteWebDriver.java:595)
	at org.openqa.selenium.firefox.FirefoxDriver.access$0(FirefoxDriver.java:1)
	at org.openqa.selenium.firefox.FirefoxDriver$1$1.implicitlyWait(FirefoxDriver.java:219)
	at com.unicel.testCases.HybridExecuteTest.testCasesExe(HybridExecuteTest.java:55)
	at sun.reflect.GeneratedMethodAccessor9.invoke(Unknown Source)
	at sun.reflect.DelegatingMethodAccessorImpl.invoke(DelegatingMethodAccessorImpl.java:43)
	at java.lang.reflect.Method.invoke(Method.java:606)
	at org.testng.internal.MethodInvocationHelper.invokeMethod(MethodInvocationHelper.java:84)
	at org.testng.internal.Invoker.invokeMethod(Invoker.java:714)
	at org.testng.internal.Invoker.invokeTestMethod(Invoker.java:901)
	at org.testng.internal.Invoker.invokeTestMethods(Invoker.java:1231)
	at org.testng.internal.TestMethodWorker.invokeTestMethods(TestMethodWorker.java:127)
	at org.testng.internal.TestMethodWorker.run(TestMethodWorker.java:111)
	at org.testng.TestRunner.privateRun(TestRunner.java:767)
	at org.testng.TestRunner.run(TestRunner.java:617)
	at org.testng.SuiteRunner.runTest(SuiteRunner.java:334)
	at org.testng.SuiteRunner.runSequentially(SuiteRunner.java:329)
	at org.testng.SuiteRunner.privateRun(SuiteRunner.java:291)
	at org.testng.SuiteRunner.run(SuiteRunner.java:240)
	at org.testng.SuiteRunnerWorker.runSuite(SuiteRunnerWorker.java:52)
	at org.testng.SuiteRunnerWorker.run(SuiteRunnerWorker.java:86)
	at org.testng.TestNG.runSuitesSequentially(TestNG.java:1224)
	at org.testng.TestNG.runSuitesLocally(TestNG.java:1149)
	at org.testng.TestNG.run(TestNG.java:1057)
	at org.testng.remote.RemoteTestNG.run(RemoteTestNG.java:111)
	at org.testng.remote.RemoteTestNG.initAndRun(RemoteTestNG.java:204)
	at org.testng.remote.RemoteTestNG.main(RemoteTestNG.java:175)
</pre></div><a href='#' onClick='toggleBox("stack-trace1878390049", this, "Click to show all stack frames", "Click to hide stack frames")'>Click to show all stack frames</a>
<div class='stack-trace' id='stack-trace1878390049'><pre>org.openqa.selenium.UnhandledAlertException: Modal dialog present: actone:1acttwo:1actthree:1actfour:1
Build info: version: &apos;2.41.0&apos;, revision: &apos;3192d8a&apos;, time: &apos;2014-03-27 17:18:15&apos;
System info: host: &apos;Java-Lpt-Vishal&apos;, ip: &apos;193.168.2.100&apos;, os.name: &apos;Windows 7&apos;, os.arch: &apos;amd64&apos;, os.version: &apos;6.1&apos;, java.version: &apos;1.7.0_60&apos;
Session ID: 1914c7d1-f4dc-4ac7-9caa-c0018458663e
Driver info: org.openqa.selenium.firefox.FirefoxDriver
Capabilities [{platform=XP, acceptSslCerts=true, javascriptEnabled=true, cssSelectorsEnabled=true, databaseEnabled=true, browserName=firefox, handlesAlerts=true, browserConnectionEnabled=true, webStorageEnabled=true, nativeEvents=true, rotatable=false, locationContextEnabled=true, applicationCacheEnabled=true, takesScreenshot=true, version=28.0}]
	at sun.reflect.NativeConstructorAccessorImpl.newInstance0(Native Method)
	at sun.reflect.NativeConstructorAccessorImpl.newInstance(NativeConstructorAccessorImpl.java:57)
	at sun.reflect.DelegatingConstructorAccessorImpl.newInstance(DelegatingConstructorAccessorImpl.java:45)
	at java.lang.reflect.Constructor.newInstance(Constructor.java:526)
	at org.openqa.selenium.remote.ErrorHandler.createThrowable(ErrorHandler.java:193)
	at org.openqa.selenium.remote.ErrorHandler.createUnhandledAlertException(ErrorHandler.java:174)
	at org.openqa.selenium.remote.ErrorHandler.throwIfResponseFailed(ErrorHandler.java:141)
	at org.openqa.selenium.remote.RemoteWebDriver.execute(RemoteWebDriver.java:595)
	at org.openqa.selenium.firefox.FirefoxDriver.access$0(FirefoxDriver.java:1)
	at org.openqa.selenium.firefox.FirefoxDriver$1$1.implicitlyWait(FirefoxDriver.java:219)
	at com.unicel.testCases.HybridExecuteTest.testCasesExe(HybridExecuteTest.java:55)
	at sun.reflect.GeneratedMethodAccessor9.invoke(Unknown Source)
	at sun.reflect.DelegatingMethodAccessorImpl.invoke(DelegatingMethodAccessorImpl.java:43)
	at java.lang.reflect.Method.invoke(Method.java:606)
	at org.testng.internal.MethodInvocationHelper.invokeMethod(MethodInvocationHelper.java:84)
	at org.testng.internal.Invoker.invokeMethod(Invoker.java:714)
	at org.testng.internal.Invoker.invokeTestMethod(Invoker.java:901)
	at org.testng.internal.Invoker.invokeTestMethods(Invoker.java:1231)
	at org.testng.internal.TestMethodWorker.invokeTestMethods(TestMethodWorker.java:127)
	at org.testng.internal.TestMethodWorker.run(TestMethodWorker.java:111)
	at org.testng.TestRunner.privateRun(TestRunner.java:767)
	at org.testng.TestRunner.run(TestRunner.java:617)
	at org.testng.SuiteRunner.runTest(SuiteRunner.java:334)
	at org.testng.SuiteRunner.runSequentially(SuiteRunner.java:329)
	at org.testng.SuiteRunner.privateRun(SuiteRunner.java:291)
	at org.testng.SuiteRunner.run(SuiteRunner.java:240)
	at org.testng.SuiteRunnerWorker.runSuite(SuiteRunnerWorker.java:52)
	at org.testng.SuiteRunnerWorker.run(SuiteRunnerWorker.java:86)
	at org.testng.TestNG.runSuitesSequentially(TestNG.java:1224)
	at org.testng.TestNG.runSuitesLocally(TestNG.java:1149)
	at org.testng.TestNG.run(TestNG.java:1057)
	at org.testng.remote.RemoteTestNG.run(RemoteTestNG.java:111)
	at org.testng.remote.RemoteTestNG.initAndRun(RemoteTestNG.java:204)
	at org.testng.remote.RemoteTestNG.main(RemoteTestNG.java:175)
</pre></div></td>
<td>0</td>
<td>com.unicel.testCases.HybridExecuteTest@16daece7</td></tr>
<tr>
<td title='com.unicel.testCases.HybridExecuteTest.testPDFReportThree()'><b>testPDFReportThree</b><br>Test class: com.unicel.testCases.HybridExecuteTest</td>
<td><div><pre>java.lang.AssertionError: expected [true] but found [false]
	at org.testng.Assert.fail(Assert.java:94)
	at org.testng.Assert.failNotEquals(Assert.java:494)
	at org.testng.Assert.assertTrue(Assert.java:42)
	at org.testng.Assert.assertTrue(Assert.java:52)
	at com.unicel.testCases.HybridExecuteTest.testPDFReportThree(HybridExecuteTest.java:85)
	at sun.reflect.NativeMethodAccessorImpl.invoke0(Native Method)
	at sun.reflect.NativeMethodAccessorImpl.invoke(NativeMethodAccessorImpl.java:57)
	at sun.reflect.DelegatingMethodAccessorImpl.invoke(DelegatingMethodAccessorImpl.java:43)
	at java.lang.reflect.Method.invoke(Method.java:606)
	at org.testng.internal.MethodInvocationHelper.invokeMethod(MethodInvocationHelper.java:84)
	at org.testng.internal.Invoker.invokeMethod(Invoker.java:714)
	at org.testng.internal.Invoker.invokeTestMethod(Invoker.java:901)
	at org.testng.internal.Invoker.invokeTestMethods(Invoker.java:1231)
	at org.testng.internal.TestMethodWorker.invokeTestMethods(TestMethodWorker.java:127)
	at org.testng.internal.TestMethodWorker.run(TestMethodWorker.java:111)
	at org.testng.TestRunner.privateRun(TestRunner.java:767)
	at org.testng.TestRunner.run(TestRunner.java:617)
	at org.testng.SuiteRunner.runTest(SuiteRunner.java:334)
	at org.testng.SuiteRunner.runSequentially(SuiteRunner.java:329)
	at org.testng.SuiteRunner.privateRun(SuiteRunner.java:291)
	at org.testng.SuiteRunner.run(SuiteRunner.java:240)
	at org.testng.SuiteRunnerWorker.runSuite(SuiteRunnerWorker.java:52)
	at org.testng.SuiteRunnerWorker.run(SuiteRunnerWorker.java:86)
	at org.testng.TestNG.runSuitesSequentially(TestNG.java:1224)
	at org.testng.TestNG.runSuitesLocally(TestNG.java:1149)
	at org.testng.TestNG.run(TestNG.java:1057)
	at org.testng.remote.RemoteTestNG.run(RemoteTestNG.java:111)
	at org.testng.remote.RemoteTestNG.initAndRun(RemoteTestNG.java:204)
	at org.testng.remote.RemoteTestNG.main(RemoteTestNG.java:175)
</pre></div><a href='#' onClick='toggleBox("stack-trace571655188", this, "Click to show all stack frames", "Click to hide stack frames")'>Click to show all stack frames</a>
<div class='stack-trace' id='stack-trace571655188'><pre>java.lang.AssertionError: expected [true] but found [false]
	at org.testng.Assert.fail(Assert.java:94)
	at org.testng.Assert.failNotEquals(Assert.java:494)
	at org.testng.Assert.assertTrue(Assert.java:42)
	at org.testng.Assert.assertTrue(Assert.java:52)
	at com.unicel.testCases.HybridExecuteTest.testPDFReportThree(HybridExecuteTest.java:85)
	at sun.reflect.NativeMethodAccessorImpl.invoke0(Native Method)
	at sun.reflect.NativeMethodAccessorImpl.invoke(NativeMethodAccessorImpl.java:57)
	at sun.reflect.DelegatingMethodAccessorImpl.invoke(DelegatingMethodAccessorImpl.java:43)
	at java.lang.reflect.Method.invoke(Method.java:606)
	at org.testng.internal.MethodInvocationHelper.invokeMethod(MethodInvocationHelper.java:84)
	at org.testng.internal.Invoker.invokeMethod(Invoker.java:714)
	at org.testng.internal.Invoker.invokeTestMethod(Invoker.java:901)
	at org.testng.internal.Invoker.invokeTestMethods(Invoker.java:1231)
	at org.testng.internal.TestMethodWorker.invokeTestMethods(TestMethodWorker.java:127)
	at org.testng.internal.TestMethodWorker.run(TestMethodWorker.java:111)
	at org.testng.TestRunner.privateRun(TestRunner.java:767)
	at org.testng.TestRunner.run(TestRunner.java:617)
	at org.testng.SuiteRunner.runTest(SuiteRunner.java:334)
	at org.testng.SuiteRunner.runSequentially(SuiteRunner.java:329)
	at org.testng.SuiteRunner.privateRun(SuiteRunner.java:291)
	at org.testng.SuiteRunner.run(SuiteRunner.java:240)
	at org.testng.SuiteRunnerWorker.runSuite(SuiteRunnerWorker.java:52)
	at org.testng.SuiteRunnerWorker.run(SuiteRunnerWorker.java:86)
	at org.testng.TestNG.runSuitesSequentially(TestNG.java:1224)
	at org.testng.TestNG.runSuitesLocally(TestNG.java:1149)
	at org.testng.TestNG.run(TestNG.java:1057)
	at org.testng.remote.RemoteTestNG.run(RemoteTestNG.java:111)
	at org.testng.remote.RemoteTestNG.initAndRun(RemoteTestNG.java:204)
	at org.testng.remote.RemoteTestNG.main(RemoteTestNG.java:175)
</pre></div></td>
<td>8</td>
<td>com.unicel.testCases.HybridExecuteTest@16daece7</td></tr>
</table><p>
<table width='100%' border='1' class='invocation-passed'>
<tr><td colspan='4' align='center'><b>PASSED TESTS</b></td></tr>
<tr><td><b>Test method</b></td>
<td width="30%"><b>Exception</b></td>
<td width="10%"><b>Time (seconds)</b></td>
<td><b>Instance</b></td>
</tr>
<tr>
<td title='com.unicel.testCases.HybridExecuteTest.testCasesExe()'><b>testCasesExe</b><br>Test class: com.unicel.testCases.HybridExecuteTest<br>Parameters: Edit Customer Account In ERP, , , , , Y</td>
<td></td>
<td>15</td>
<td>com.unicel.testCases.HybridExecuteTest@16daece7</td></tr>
<tr>
<td title='com.unicel.testCases.HybridExecuteTest.testCasesExe()'><b>testCasesExe</b><br>Test class: com.unicel.testCases.HybridExecuteTest<br>Parameters: , GOTOURL, , , https://staging.unicel.in/erp/, Y</td>
<td></td>
<td>4</td>
<td>com.unicel.testCases.HybridExecuteTest@16daece7</td></tr>
<tr>
<td title='com.unicel.testCases.HybridExecuteTest.testCasesExe()'><b>testCasesExe</b><br>Test class: com.unicel.testCases.HybridExecuteTest<br>Parameters: , SETTEXT, username, XPATH, 1140, Y</td>
<td></td>
<td>0</td>
<td>com.unicel.testCases.HybridExecuteTest@16daece7</td></tr>
<tr>
<td title='com.unicel.testCases.HybridExecuteTest.testCasesExe()'><b>testCasesExe</b><br>Test class: com.unicel.testCases.HybridExecuteTest<br>Parameters: , SETTEXT, password, XPATH, erp, Y</td>
<td></td>
<td>1</td>
<td>com.unicel.testCases.HybridExecuteTest@16daece7</td></tr>
<tr>
<td title='com.unicel.testCases.HybridExecuteTest.testCasesExe()'><b>testCasesExe</b><br>Test class: com.unicel.testCases.HybridExecuteTest<br>Parameters: , CLICK, loginButton, XPATH, , Y</td>
<td></td>
<td>0</td>
<td>com.unicel.testCases.HybridExecuteTest@16daece7</td></tr>
<tr>
<td title='com.unicel.testCases.HybridExecuteTest.testCasesExe()'><b>testCasesExe</b><br>Test class: com.unicel.testCases.HybridExecuteTest<br>Parameters: , CLICK, Cust_mgmt, XPATH, , Y</td>
<td></td>
<td>1</td>
<td>com.unicel.testCases.HybridExecuteTest@16daece7</td></tr>
<tr>
<td title='com.unicel.testCases.HybridExecuteTest.testCasesExe()'><b>testCasesExe</b><br>Test class: com.unicel.testCases.HybridExecuteTest<br>Parameters: , SETTEXT, CUST_MGMT_SEARCH_BOX, XPATH, TCMODTwo, Y</td>
<td></td>
<td>5</td>
<td>com.unicel.testCases.HybridExecuteTest@16daece7</td></tr>
<tr>
<td title='com.unicel.testCases.HybridExecuteTest.testCasesExe()'><b>testCasesExe</b><br>Test class: com.unicel.testCases.HybridExecuteTest<br>Parameters: , CLICK, CHOOSE_ACCOUNT, XPATH, , Y</td>
<td></td>
<td>0</td>
<td>com.unicel.testCases.HybridExecuteTest@16daece7</td></tr>
<tr>
<td title='com.unicel.testCases.HybridExecuteTest.testCasesExe()'><b>testCasesExe</b><br>Test class: com.unicel.testCases.HybridExecuteTest<br>Parameters: , CLICK, CHOOSE_EDIT_ACC, XPATH, , Y</td>
<td></td>
<td>2</td>
<td>com.unicel.testCases.HybridExecuteTest@16daece7</td></tr>
<tr>
<td title='com.unicel.testCases.HybridExecuteTest.testCasesExe()'><b>testCasesExe</b><br>Test class: com.unicel.testCases.HybridExecuteTest<br>Parameters: , CLEAR, CH_COMPANY, XPATH, , Y</td>
<td></td>
<td>1</td>
<td>com.unicel.testCases.HybridExecuteTest@16daece7</td></tr>
<tr>
<td title='com.unicel.testCases.HybridExecuteTest.testCasesExe()'><b>testCasesExe</b><br>Test class: com.unicel.testCases.HybridExecuteTest<br>Parameters: , SETTEXT, CH_COMPANY, XPATH, Test Technologies , Y</td>
<td></td>
<td>0</td>
<td>com.unicel.testCases.HybridExecuteTest@16daece7</td></tr>
<tr>
<td title='com.unicel.testCases.HybridExecuteTest.testCasesExe()'><b>testCasesExe</b><br>Test class: com.unicel.testCases.HybridExecuteTest<br>Parameters: , CLICK, CHOOSE_CONTACT_INFO, XPATH, , Y</td>
<td></td>
<td>0</td>
<td>com.unicel.testCases.HybridExecuteTest@16daece7</td></tr>
<tr>
<td title='com.unicel.testCases.HybridExecuteTest.testCasesExe()'><b>testCasesExe</b><br>Test class: com.unicel.testCases.HybridExecuteTest<br>Parameters: , CLEAR, CHANGE_BUSS_CON, XPATH, , Y</td>
<td></td>
<td>0</td>
<td>com.unicel.testCases.HybridExecuteTest@16daece7</td></tr>
<tr>
<td title='com.unicel.testCases.HybridExecuteTest.testCasesExe()'><b>testCasesExe</b><br>Test class: com.unicel.testCases.HybridExecuteTest<br>Parameters: , SETTEXT, CHANGE_BUSS_CON, XPATH, Test Technologies , Y</td>
<td></td>
<td>0</td>
<td>com.unicel.testCases.HybridExecuteTest@16daece7</td></tr>
<tr>
<td title='com.unicel.testCases.HybridExecuteTest.testCasesExe()'><b>testCasesExe</b><br>Test class: com.unicel.testCases.HybridExecuteTest<br>Parameters: , CLICK, TECH_CON_SAMEASABOVE, XPATH, , Y</td>
<td></td>
<td>0</td>
<td>com.unicel.testCases.HybridExecuteTest@16daece7</td></tr>
<tr>
<td title='com.unicel.testCases.HybridExecuteTest.testCasesExe()'><b>testCasesExe</b><br>Test class: com.unicel.testCases.HybridExecuteTest<br>Parameters: , CLICK, BILLING_CON_SAMEASABOVE, XPATH, , Y</td>
<td></td>
<td>0</td>
<td>com.unicel.testCases.HybridExecuteTest@16daece7</td></tr>
<tr>
<td title='com.unicel.testCases.HybridExecuteTest.testCasesExe()'><b>testCasesExe</b><br>Test class: com.unicel.testCases.HybridExecuteTest<br>Parameters: , CLEAR, ALTERNATE_EID, XPATH, , Y</td>
<td></td>
<td>0</td>
<td>com.unicel.testCases.HybridExecuteTest@16daece7</td></tr>
<tr>
<td title='com.unicel.testCases.HybridExecuteTest.testCasesExe()'><b>testCasesExe</b><br>Test class: com.unicel.testCases.HybridExecuteTest<br>Parameters: , SETTEXT, ALTERNATE_EID, XPATH, abc@gmail.com, Y</td>
<td></td>
<td>0</td>
<td>com.unicel.testCases.HybridExecuteTest@16daece7</td></tr>
<tr>
<td title='com.unicel.testCases.HybridExecuteTest.testCasesExe()'><b>testCasesExe</b><br>Test class: com.unicel.testCases.HybridExecuteTest<br>Parameters: , CLICK, CH_BILLING_INFO, XPATH, , Y</td>
<td></td>
<td>0</td>
<td>com.unicel.testCases.HybridExecuteTest@16daece7</td></tr>
<tr>
<td title='com.unicel.testCases.HybridExecuteTest.testCasesExe()'><b>testCasesExe</b><br>Test class: com.unicel.testCases.HybridExecuteTest<br>Parameters: , CLEAR, CHANGE_BILLING_ADD, XPATH, , Y</td>
<td></td>
<td>0</td>
<td>com.unicel.testCases.HybridExecuteTest@16daece7</td></tr>
<tr>
<td title='com.unicel.testCases.HybridExecuteTest.testCasesExe()'><b>testCasesExe</b><br>Test class: com.unicel.testCases.HybridExecuteTest<br>Parameters: , SETTEXT, CHANGE_BILLING_ADD, XPATH, This is check to billing address, Y</td>
<td></td>
<td>0</td>
<td>com.unicel.testCases.HybridExecuteTest@16daece7</td></tr>
<tr>
<td title='com.unicel.testCases.HybridExecuteTest.testCasesExe()'><b>testCasesExe</b><br>Test class: com.unicel.testCases.HybridExecuteTest<br>Parameters: , CLICK, CH_COMMENT, XPATH, , Y</td>
<td></td>
<td>0</td>
<td>com.unicel.testCases.HybridExecuteTest@16daece7</td></tr>
<tr>
<td title='com.unicel.testCases.HybridExecuteTest.testCasesExe()'><b>testCasesExe</b><br>Test class: com.unicel.testCases.HybridExecuteTest<br>Parameters: , CLEAR, POST_REMARKS, XPATH, , Y</td>
<td></td>
<td>0</td>
<td>com.unicel.testCases.HybridExecuteTest@16daece7</td></tr>
<tr>
<td title='com.unicel.testCases.HybridExecuteTest.testCasesExe()'><b>testCasesExe</b><br>Test class: com.unicel.testCases.HybridExecuteTest<br>Parameters: , SETTEXT, POST_REMARKS, XPATH, This is post remark after editing the account, Y</td>
<td></td>
<td>0</td>
<td>com.unicel.testCases.HybridExecuteTest@16daece7</td></tr>
<tr>
<td title='com.unicel.testCases.HybridExecuteTest.testCasesExe()'><b>testCasesExe</b><br>Test class: com.unicel.testCases.HybridExecuteTest<br>Parameters: , CLICK, EDIT_SAVE, XPATH, , Y</td>
<td></td>
<td>0</td>
<td>com.unicel.testCases.HybridExecuteTest@16daece7</td></tr>
<tr>
<td title='com.unicel.testCases.HybridExecuteTest.testCasesExe()'><b>testCasesExe</b><br>Test class: com.unicel.testCases.HybridExecuteTest<br>Parameters: , WAIT, , , , Y</td>
<td></td>
<td>0</td>
<td>com.unicel.testCases.HybridExecuteTest@16daece7</td></tr>
<tr>
<td title='com.unicel.testCases.HybridExecuteTest.testCasesExe()'><b>testCasesExe</b><br>Test class: com.unicel.testCases.HybridExecuteTest<br>Parameters: Login In GlobalOne, , , , , Y</td>
<td></td>
<td>0</td>
<td>com.unicel.testCases.HybridExecuteTest@16daece7</td></tr>
<tr>
<td title='com.unicel.testCases.HybridExecuteTest.testCasesExe()'><b>testCasesExe</b><br>Test class: com.unicel.testCases.HybridExecuteTest<br>Parameters: Go to url , GOTOURL, , , https://www.unicel.in/lounge/sign_in.php, Y</td>
<td></td>
<td>5</td>
<td>com.unicel.testCases.HybridExecuteTest@16daece7</td></tr>
<tr>
<td title='com.unicel.testCases.HybridExecuteTest.testCasesExe()'><b>testCasesExe</b><br>Test class: com.unicel.testCases.HybridExecuteTest<br>Parameters: Enter User name , SETTEXT, UN, XPATH, L1team, Y</td>
<td></td>
<td>0</td>
<td>com.unicel.testCases.HybridExecuteTest@16daece7</td></tr>
<tr>
<td title='com.unicel.testCases.HybridExecuteTest.testCasesExe()'><b>testCasesExe</b><br>Test class: com.unicel.testCases.HybridExecuteTest<br>Parameters: Enter Password, SETTEXT, PASS, XPATH, L1team, Y</td>
<td></td>
<td>0</td>
<td>com.unicel.testCases.HybridExecuteTest@16daece7</td></tr>
<tr>
<td title='com.unicel.testCases.HybridExecuteTest.testCasesExe()'><b>testCasesExe</b><br>Test class: com.unicel.testCases.HybridExecuteTest<br>Parameters: Waiting for 20sec, CLICK, LOIN, XPATH, , Y</td>
<td></td>
<td>0</td>
<td>com.unicel.testCases.HybridExecuteTest@16daece7</td></tr>
<tr>
<td title='com.unicel.testCases.HybridExecuteTest.testCasesExe()'><b>testCasesExe</b><br>Test class: com.unicel.testCases.HybridExecuteTest<br>Parameters: Click the login button , WAIT, , , , Y</td>
<td></td>
<td>0</td>
<td>com.unicel.testCases.HybridExecuteTest@16daece7</td></tr>
<tr>
<td title='com.unicel.testCases.HybridExecuteTest.testCasesExe()'><b>testCasesExe</b><br>Test class: com.unicel.testCases.HybridExecuteTest<br>Parameters: Edit Provisioning Account In ERP, , , , , Y</td>
<td></td>
<td>0</td>
<td>com.unicel.testCases.HybridExecuteTest@16daece7</td></tr>
<tr>
<td title='com.unicel.testCases.HybridExecuteTest.testCasesExe()'><b>testCasesExe</b><br>Test class: com.unicel.testCases.HybridExecuteTest<br>Parameters: , GOTOURL, , , https://staging.unicel.in/erp/, Y</td>
<td></td>
<td>0</td>
<td>com.unicel.testCases.HybridExecuteTest@16daece7</td></tr>
<tr>
<td title='com.unicel.testCases.HybridExecuteTest.testCasesExe()'><b>testCasesExe</b><br>Test class: com.unicel.testCases.HybridExecuteTest<br>Parameters: , SETTEXT, username, XPATH, 136, Y</td>
<td></td>
<td>0</td>
<td>com.unicel.testCases.HybridExecuteTest@16daece7</td></tr>
<tr>
<td title='com.unicel.testCases.HybridExecuteTest.testCasesExe()'><b>testCasesExe</b><br>Test class: com.unicel.testCases.HybridExecuteTest<br>Parameters: , SETTEXT, password, XPATH, erp, Y</td>
<td></td>
<td>0</td>
<td>com.unicel.testCases.HybridExecuteTest@16daece7</td></tr>
<tr>
<td title='com.unicel.testCases.HybridExecuteTest.testCasesExe()'><b>testCasesExe</b><br>Test class: com.unicel.testCases.HybridExecuteTest<br>Parameters: , CLICK, loginButton, XPATH, , Y</td>
<td></td>
<td>0</td>
<td>com.unicel.testCases.HybridExecuteTest@16daece7</td></tr>
<tr>
<td title='com.unicel.testCases.HybridExecuteTest.testCasesExe()'><b>testCasesExe</b><br>Test class: com.unicel.testCases.HybridExecuteTest<br>Parameters: , CLICK, Cust_mgmt, XPATH, , Y</td>
<td></td>
<td>1</td>
<td>com.unicel.testCases.HybridExecuteTest@16daece7</td></tr>
<tr>
<td title='com.unicel.testCases.HybridExecuteTest.testCasesExe()'><b>testCasesExe</b><br>Test class: com.unicel.testCases.HybridExecuteTest<br>Parameters: , SETTEXT, CUST_MGMT_SEARCH_BOX, XPATH, OCTEIG OCTEIG, Y</td>
<td></td>
<td>8</td>
<td>com.unicel.testCases.HybridExecuteTest@16daece7</td></tr>
<tr>
<td title='com.unicel.testCases.HybridExecuteTest.testCasesExe()'><b>testCasesExe</b><br>Test class: com.unicel.testCases.HybridExecuteTest<br>Parameters: , CLICK, CHOOSE_ACCOUNT_PROV, XPATH, , Y</td>
<td></td>
<td>0</td>
<td>com.unicel.testCases.HybridExecuteTest@16daece7</td></tr>
<tr>
<td title='com.unicel.testCases.HybridExecuteTest.testCasesExe()'><b>testCasesExe</b><br>Test class: com.unicel.testCases.HybridExecuteTest<br>Parameters: , CLICK, CHOOSE_EDIT_ACC, XPATH, , Y</td>
<td></td>
<td>2</td>
<td>com.unicel.testCases.HybridExecuteTest@16daece7</td></tr>
<tr>
<td title='com.unicel.testCases.HybridExecuteTest.testCasesExe()'><b>testCasesExe</b><br>Test class: com.unicel.testCases.HybridExecuteTest<br>Parameters: , CLEAR, CH_COMPANY, XPATH, , Y</td>
<td></td>
<td>2</td>
<td>com.unicel.testCases.HybridExecuteTest@16daece7</td></tr>
<tr>
<td title='com.unicel.testCases.HybridExecuteTest.testCasesExe()'><b>testCasesExe</b><br>Test class: com.unicel.testCases.HybridExecuteTest<br>Parameters: , SETTEXT, CH_COMPANY, XPATH, Test Technologies , Y</td>
<td></td>
<td>0</td>
<td>com.unicel.testCases.HybridExecuteTest@16daece7</td></tr>
<tr>
<td title='com.unicel.testCases.HybridExecuteTest.testCasesExe()'><b>testCasesExe</b><br>Test class: com.unicel.testCases.HybridExecuteTest<br>Parameters: , CLICK, CHOOSE_CONTACT_INFO, XPATH, , Y</td>
<td></td>
<td>0</td>
<td>com.unicel.testCases.HybridExecuteTest@16daece7</td></tr>
<tr>
<td title='com.unicel.testCases.HybridExecuteTest.testCasesExe()'><b>testCasesExe</b><br>Test class: com.unicel.testCases.HybridExecuteTest<br>Parameters: , CLEAR, CHANGE_BUSS_CON, XPATH, , Y</td>
<td></td>
<td>0</td>
<td>com.unicel.testCases.HybridExecuteTest@16daece7</td></tr>
<tr>
<td title='com.unicel.testCases.HybridExecuteTest.testCasesExe()'><b>testCasesExe</b><br>Test class: com.unicel.testCases.HybridExecuteTest<br>Parameters: , SETTEXT, CHANGE_BUSS_CON, XPATH, Test Technologies , Y</td>
<td></td>
<td>0</td>
<td>com.unicel.testCases.HybridExecuteTest@16daece7</td></tr>
<tr>
<td title='com.unicel.testCases.HybridExecuteTest.testCasesExe()'><b>testCasesExe</b><br>Test class: com.unicel.testCases.HybridExecuteTest<br>Parameters: , CLICK, TECH_CON_SAMEASABOVE, XPATH, , Y</td>
<td></td>
<td>0</td>
<td>com.unicel.testCases.HybridExecuteTest@16daece7</td></tr>
<tr>
<td title='com.unicel.testCases.HybridExecuteTest.testCasesExe()'><b>testCasesExe</b><br>Test class: com.unicel.testCases.HybridExecuteTest<br>Parameters: , CLICK, BILLING_CON_SAMEASABOVE, XPATH, , Y</td>
<td></td>
<td>0</td>
<td>com.unicel.testCases.HybridExecuteTest@16daece7</td></tr>
<tr>
<td title='com.unicel.testCases.HybridExecuteTest.testCasesExe()'><b>testCasesExe</b><br>Test class: com.unicel.testCases.HybridExecuteTest<br>Parameters: , CLEAR, ALTERNATE_EID, XPATH, , Y</td>
<td></td>
<td>0</td>
<td>com.unicel.testCases.HybridExecuteTest@16daece7</td></tr>
<tr>
<td title='com.unicel.testCases.HybridExecuteTest.testCasesExe()'><b>testCasesExe</b><br>Test class: com.unicel.testCases.HybridExecuteTest<br>Parameters: , SETTEXT, ALTERNATE_EID, XPATH, abc@gmail.com, Y</td>
<td></td>
<td>0</td>
<td>com.unicel.testCases.HybridExecuteTest@16daece7</td></tr>
<tr>
<td title='com.unicel.testCases.HybridExecuteTest.testCasesExe()'><b>testCasesExe</b><br>Test class: com.unicel.testCases.HybridExecuteTest<br>Parameters: , CLICK, ACCOUNT_SETTING_PROV, XPATH, , Y</td>
<td></td>
<td>0</td>
<td>com.unicel.testCases.HybridExecuteTest@16daece7</td></tr>
<tr>
<td title='com.unicel.testCases.HybridExecuteTest.testCasesExe()'><b>testCasesExe</b><br>Test class: com.unicel.testCases.HybridExecuteTest<br>Parameters: , CLICK, PROVIDE_INTRIM_REPORTS_PROV, XPATH, , Y</td>
<td></td>
<td>0</td>
<td>com.unicel.testCases.HybridExecuteTest@16daece7</td></tr>
<tr>
<td title='com.unicel.testCases.HybridExecuteTest.testCasesExe()'><b>testCasesExe</b><br>Test class: com.unicel.testCases.HybridExecuteTest<br>Parameters: , CLICK, CLIP_APPROVAL_PROVISIONING, XPATH, , Y</td>
<td></td>
<td>0</td>
<td>com.unicel.testCases.HybridExecuteTest@16daece7</td></tr>
<tr>
<td title='com.unicel.testCases.HybridExecuteTest.testCasesExe()'><b>testCasesExe</b><br>Test class: com.unicel.testCases.HybridExecuteTest<br>Parameters: , CLICK, CH_COMMENT_PROV, XPATH, , Y</td>
<td></td>
<td>0</td>
<td>com.unicel.testCases.HybridExecuteTest@16daece7</td></tr>
<tr>
<td title='com.unicel.testCases.HybridExecuteTest.testCasesExe()'><b>testCasesExe</b><br>Test class: com.unicel.testCases.HybridExecuteTest<br>Parameters: , CLEAR, POST_REMARKS, XPATH, , Y</td>
<td></td>
<td>0</td>
<td>com.unicel.testCases.HybridExecuteTest@16daece7</td></tr>
<tr>
<td title='com.unicel.testCases.HybridExecuteTest.testCasesExe()'><b>testCasesExe</b><br>Test class: com.unicel.testCases.HybridExecuteTest<br>Parameters: , SETTEXT, POST_REMARKS, XPATH, This is post remark after editing the account, Y</td>
<td></td>
<td>0</td>
<td>com.unicel.testCases.HybridExecuteTest@16daece7</td></tr>
<tr>
<td title='com.unicel.testCases.HybridExecuteTest.testCasesExe()'><b>testCasesExe</b><br>Test class: com.unicel.testCases.HybridExecuteTest<br>Parameters: , CLICK, EDIT_SAVE, XPATH, , Y</td>
<td></td>
<td>0</td>
<td>com.unicel.testCases.HybridExecuteTest@16daece7</td></tr>
</table><p>
</body>
</html>