<?xml version="1.0" encoding="UTF-8"?>
<!-- Generated by org.testng.reporters.JUnitXMLReporter -->
<testsuite hostname="Java-Lpt-Vishal" name="Test" tests="59" failures="2" timestamp="7 Nov 2014 06:34:25 GMT" time="177.736" errors="0">
  <testcase name="testCasesExe" time="26.468" classname="com.unicel.testCases.HybridExecuteTest"/>
  <testcase name="testCasesExe" time="3.127" classname="com.unicel.testCases.HybridExecuteTest"/>
  <testcase name="testCasesExe" time="2.669" classname="com.unicel.testCases.HybridExecuteTest"/>
  <testcase name="testCasesExe" time="0.198" classname="com.unicel.testCases.HybridExecuteTest"/>
  <testcase name="testCasesExe" time="0.286" classname="com.unicel.testCases.HybridExecuteTest"/>
  <testcase name="testCasesExe" time="1.658" classname="com.unicel.testCases.HybridExecuteTest"/>
  <testcase name="testCasesExe" time="5.281" classname="com.unicel.testCases.HybridExecuteTest"/>
  <testcase name="testCasesExe" time="0.3" classname="com.unicel.testCases.HybridExecuteTest"/>
  <testcase name="testCasesExe" time="2.526" classname="com.unicel.testCases.HybridExecuteTest"/>
  <testcase name="testCasesExe" time="1.172" classname="com.unicel.testCases.HybridExecuteTest"/>
  <testcase name="testCasesExe" time="0.445" classname="com.unicel.testCases.HybridExecuteTest"/>
  <testcase name="testCasesExe" time="0.33" classname="com.unicel.testCases.HybridExecuteTest"/>
  <testcase name="testCasesExe" time="0.227" classname="com.unicel.testCases.HybridExecuteTest"/>
  <testcase name="testCasesExe" time="0.563" classname="com.unicel.testCases.HybridExecuteTest"/>
  <testcase name="testCasesExe" time="0.251" classname="com.unicel.testCases.HybridExecuteTest"/>
  <testcase name="testCasesExe" time="0.241" classname="com.unicel.testCases.HybridExecuteTest"/>
  <testcase name="testCasesExe" time="0.12" classname="com.unicel.testCases.HybridExecuteTest"/>
  <testcase name="testCasesExe" time="0.315" classname="com.unicel.testCases.HybridExecuteTest"/>
  <testcase name="testCasesExe" time="0.529" classname="com.unicel.testCases.HybridExecuteTest"/>
  <testcase name="testCasesExe" time="0.292" classname="com.unicel.testCases.HybridExecuteTest"/>
  <testcase name="testCasesExe" time="0.481" classname="com.unicel.testCases.HybridExecuteTest"/>
  <testcase name="testCasesExe" time="0.678" classname="com.unicel.testCases.HybridExecuteTest"/>
  <testcase name="testCasesExe" time="0.142" classname="com.unicel.testCases.HybridExecuteTest"/>
  <testcase name="testCasesExe" time="0.555" classname="com.unicel.testCases.HybridExecuteTest"/>
  <testcase name="testCasesExe" time="0.317" classname="com.unicel.testCases.HybridExecuteTest"/>
  <testcase name="testCasesExe" time="0.054" classname="com.unicel.testCases.HybridExecuteTest"/>
  <testcase name="testCasesExe" time="0.042" classname="com.unicel.testCases.HybridExecuteTest"/>
  <testcase name="testCasesExe" time="0.147" classname="com.unicel.testCases.HybridExecuteTest"/>
  <testcase name="testCasesExe" time="6.827" classname="com.unicel.testCases.HybridExecuteTest"/>
  <testcase name="testCasesExe" time="0.282" classname="com.unicel.testCases.HybridExecuteTest"/>
  <testcase name="testCasesExe" time="0.177" classname="com.unicel.testCases.HybridExecuteTest"/>
  <testcase name="testCasesExe" time="0.053" classname="com.unicel.testCases.HybridExecuteTest"/>
  <testcase name="testCasesExe" time="0.035" classname="com.unicel.testCases.HybridExecuteTest"/>
  <testcase name="testCasesExe" time="0.378" classname="com.unicel.testCases.HybridExecuteTest"/>
  <testcase name="testCasesExe" time="0.15" classname="com.unicel.testCases.HybridExecuteTest"/>
  <testcase name="testCasesExe" time="0.17" classname="com.unicel.testCases.HybridExecuteTest"/>
  <testcase name="testCasesExe" time="0.254" classname="com.unicel.testCases.HybridExecuteTest"/>
  <testcase name="testCasesExe" time="1.088" classname="com.unicel.testCases.HybridExecuteTest"/>
  <testcase name="testCasesExe" time="8.489" classname="com.unicel.testCases.HybridExecuteTest"/>
  <testcase name="testCasesExe" time="0.3" classname="com.unicel.testCases.HybridExecuteTest"/>
  <testcase name="testCasesExe" time="2.757" classname="com.unicel.testCases.HybridExecuteTest"/>
  <testcase name="testCasesExe" time="2.412" classname="com.unicel.testCases.HybridExecuteTest"/>
  <testcase name="testCasesExe" time="0.509" classname="com.unicel.testCases.HybridExecuteTest"/>
  <testcase name="testCasesExe" time="0.334" classname="com.unicel.testCases.HybridExecuteTest"/>
  <testcase name="testCasesExe" time="0.293" classname="com.unicel.testCases.HybridExecuteTest"/>
  <testcase name="testCasesExe" time="0.537" classname="com.unicel.testCases.HybridExecuteTest"/>
  <testcase name="testCasesExe" time="0.319" classname="com.unicel.testCases.HybridExecuteTest"/>
  <testcase name="testCasesExe" time="0.249" classname="com.unicel.testCases.HybridExecuteTest"/>
  <testcase name="testCasesExe" time="0.122" classname="com.unicel.testCases.HybridExecuteTest"/>
  <testcase name="testCasesExe" time="0.357" classname="com.unicel.testCases.HybridExecuteTest"/>
  <testcase name="testCasesExe" time="0.556" classname="com.unicel.testCases.HybridExecuteTest"/>
  <testcase name="testCasesExe" time="0.24" classname="com.unicel.testCases.HybridExecuteTest"/>
  <testcase name="testCasesExe" time="0.265" classname="com.unicel.testCases.HybridExecuteTest"/>
  <testcase name="testCasesExe" time="0.537" classname="com.unicel.testCases.HybridExecuteTest"/>
  <testcase name="testCasesExe" time="0.159" classname="com.unicel.testCases.HybridExecuteTest"/>
  <testcase name="testCasesExe" time="0.529" classname="com.unicel.testCases.HybridExecuteTest"/>
  <testcase name="testCasesExe" time="0.482" classname="com.unicel.testCases.HybridExecuteTest"/>
  <testcase name="testCasesExe" time="0.171" classname="com.unicel.testCases.HybridExecuteTest">
    <failure type="org.openqa.selenium.UnhandledAlertException" message="Modal dialog present: actone:1acttwo:1actthree:1actfour:1
Build info: version: &amp;apos;2.41.0&amp;apos;, revision: &amp;apos;3192d8a&amp;apos;, time: &amp;apos;2014-03-27 17:18:15&amp;apos;
System info: host: &amp;apos;Java-Lpt-Vishal&amp;apos;, ip: &amp;apos;193.168.2.100&amp;apos;, os.name: &amp;apos;Windows 7&amp;apos;, os.arch: &amp;apos;amd64&amp;apos;, os.version: &amp;apos;6.1&amp;apos;, java.version: &amp;apos;1.7.0_60&amp;apos;
Session ID: 13b55cb4-3ac6-4355-889e-b7c4f6bb5650
Driver info: org.openqa.selenium.firefox.FirefoxDriver
Capabilities [{platform=XP, acceptSslCerts=true, javascriptEnabled=true, cssSelectorsEnabled=true, databaseEnabled=true, browserName=firefox, handlesAlerts=true, browserConnectionEnabled=true, webStorageEnabled=true, nativeEvents=true, rotatable=false, locationContextEnabled=true, applicationCacheEnabled=true, takesScreenshot=true, version=28.0}]">
      <![CDATA[org.openqa.selenium.UnhandledAlertException: Modal dialog present: actone:1acttwo:1actthree:1actfour:1
Build info: version: '2.41.0', revision: '3192d8a', time: '2014-03-27 17:18:15'
System info: host: 'Java-Lpt-Vishal', ip: '193.168.2.100', os.name: 'Windows 7', os.arch: 'amd64', os.version: '6.1', java.version: '1.7.0_60'
Session ID: 13b55cb4-3ac6-4355-889e-b7c4f6bb5650
Driver info: org.openqa.selenium.firefox.FirefoxDriver
Capabilities [{platform=XP, acceptSslCerts=true, javascriptEnabled=true, cssSelectorsEnabled=true, databaseEnabled=true, browserName=firefox, handlesAlerts=true, browserConnectionEnabled=true, webStorageEnabled=true, nativeEvents=true, rotatable=false, locationContextEnabled=true, applicationCacheEnabled=true, takesScreenshot=true, version=28.0}]
	at org.openqa.selenium.remote.ErrorHandler.createThrowable(ErrorHandler.java:193)
	at org.openqa.selenium.remote.ErrorHandler.createUnhandledAlertException(ErrorHandler.java:174)
	at org.openqa.selenium.remote.ErrorHandler.throwIfResponseFailed(ErrorHandler.java:141)
	at org.openqa.selenium.remote.RemoteWebDriver.execute(RemoteWebDriver.java:595)
	at org.openqa.selenium.firefox.FirefoxDriver.access$0(FirefoxDriver.java:1)
	at org.openqa.selenium.firefox.FirefoxDriver$1$1.implicitlyWait(FirefoxDriver.java:219)
	at com.unicel.testCases.HybridExecuteTest.testCasesExe(HybridExecuteTest.java:55)
... Removed 27 stack frames]]>
    </failure>
  </testcase> <!-- testCasesExe -->
  <testcase name="testPDFReportThree" time="12.581" classname="com.unicel.testCases.HybridExecuteTest">
    <failure type="java.lang.AssertionError" message="expected [true] but found [false]">
      <![CDATA[java.lang.AssertionError: expected [true] but found [false]
	at com.unicel.testCases.HybridExecuteTest.testPDFReportThree(HybridExecuteTest.java:85)
... Removed 28 stack frames]]>
    </failure>
  </testcase> <!-- testPDFReportThree -->
</testsuite> <!-- Test -->
