<?xml version="1.0" encoding="UTF-8"?>
<!-- Generated by org.testng.reporters.JUnitReportReporter -->
<testsuite hostname="Java-Lpt-Vishal" name="testCases.HybridExecuteTest" tests="60" failures="0" timestamp="27 Oct 2014 06:23:57 GMT" time="122.566" errors="2">
  <testcase name="testCasesExe" time="3.132" classname="testCases.HybridExecuteTest"/>
  <testcase name="testCasesExe" time="0.616" classname="testCases.HybridExecuteTest"/>
  <testcase name="testCasesExe" time="0.157" classname="testCases.HybridExecuteTest"/>
  <testcase name="testPDFReportOne" time="11.064" classname="testCases.HybridExecuteTest">
    <error type="java.lang.AssertionError" message="expected [true] but found [false]">
      <![CDATA[java.lang.AssertionError: expected [true] but found [false]
	at org.testng.Assert.fail(Assert.java:94)
	at org.testng.Assert.failNotEquals(Assert.java:494)
	at org.testng.Assert.assertTrue(Assert.java:42)
	at org.testng.Assert.assertTrue(Assert.java:52)
	at testCases.HybridExecuteTest.testPDFReportOne(HybridExecuteTest.java:67)
	at sun.reflect.NativeMethodAccessorImpl.invoke0(Native Method)
	at sun.reflect.NativeMethodAccessorImpl.invoke(NativeMethodAccessorImpl.java:57)
	at sun.reflect.DelegatingMethodAccessorImpl.invoke(DelegatingMethodAccessorImpl.java:43)
	at java.lang.reflect.Method.invoke(Method.java:606)
	at org.testng.internal.MethodInvocationHelper.invokeMethod(MethodInvocationHelper.java:84)
	at org.testng.internal.Invoker.invokeMethod(Invoker.java:714)
	at org.testng.internal.Invoker.invokeTestMethod(Invoker.java:901)
	at org.testng.internal.Invoker.invokeTestMethods(Invoker.java:1231)
	at org.testng.internal.TestMethodWorker.invokeTestMethods(TestMethodWorker.java:127)
	at org.testng.internal.TestMethodWorker.run(TestMethodWorker.java:111)
	at org.testng.TestRunner.privateRun(TestRunner.java:767)
	at org.testng.TestRunner.run(TestRunner.java:617)
	at org.testng.SuiteRunner.runTest(SuiteRunner.java:334)
	at org.testng.SuiteRunner.runSequentially(SuiteRunner.java:329)
	at org.testng.SuiteRunner.privateRun(SuiteRunner.java:291)
	at org.testng.SuiteRunner.run(SuiteRunner.java:240)
	at org.testng.SuiteRunnerWorker.runSuite(SuiteRunnerWorker.java:52)
	at org.testng.SuiteRunnerWorker.run(SuiteRunnerWorker.java:86)
	at org.testng.TestNG.runSuitesSequentially(TestNG.java:1224)
	at org.testng.TestNG.runSuitesLocally(TestNG.java:1149)
	at org.testng.TestNG.run(TestNG.java:1057)
	at org.testng.remote.RemoteTestNG.run(RemoteTestNG.java:111)
	at org.testng.remote.RemoteTestNG.initAndRun(RemoteTestNG.java:204)
	at org.testng.remote.RemoteTestNG.main(RemoteTestNG.java:175)
]]>
    </error>
  </testcase> <!-- testPDFReportOne -->
  <testcase name="testCasesExe" time="0.325" classname="testCases.HybridExecuteTest"/>
  <testcase name="testCasesExe" time="0.198" classname="testCases.HybridExecuteTest"/>
  <testcase name="testCasesExe" time="0.333" classname="testCases.HybridExecuteTest"/>
  <testcase name="testCasesExe" time="0.323" classname="testCases.HybridExecuteTest"/>
  <testcase name="testCasesExe" time="0.281" classname="testCases.HybridExecuteTest"/>
  <testcase name="testCasesExe" time="4.873" classname="testCases.HybridExecuteTest"/>
  <testcase name="testCasesExe" time="0.414" classname="testCases.HybridExecuteTest"/>
  <testcase name="testCasesExe" time="0.429" classname="testCases.HybridExecuteTest"/>
  <testcase name="testCasesExe" time="0.556" classname="testCases.HybridExecuteTest"/>
  <testcase name="testCasesExe" time="0.417" classname="testCases.HybridExecuteTest"/>
  <testcase name="testCasesExe" time="0.400" classname="testCases.HybridExecuteTest"/>
  <testcase name="testCasesExe" time="3.681" classname="testCases.HybridExecuteTest"/>
  <testcase name="testCasesExe" time="0.556" classname="testCases.HybridExecuteTest"/>
  <testcase name="testCasesExe" time="0.224" classname="testCases.HybridExecuteTest"/>
  <testcase name="testCasesExe" time="2.116" classname="testCases.HybridExecuteTest"/>
  <testcase name="testCasesExe" time="0.373" classname="testCases.HybridExecuteTest"/>
  <testcase name="testCasesExe" time="5.537" classname="testCases.HybridExecuteTest"/>
  <testcase name="testCasesExe" time="0.246" classname="testCases.HybridExecuteTest"/>
  <testcase name="testCasesExe" time="0.225" classname="testCases.HybridExecuteTest"/>
  <testcase name="testCasesExe" time="0.657" classname="testCases.HybridExecuteTest"/>
  <testcase name="testCasesExe" time="0.307" classname="testCases.HybridExecuteTest"/>
  <testcase name="testCasesExe" time="1.375" classname="testCases.HybridExecuteTest"/>
  <testcase name="testCasesExe" time="0.685" classname="testCases.HybridExecuteTest"/>
  <testcase name="testCasesExe" time="29.851" classname="testCases.HybridExecuteTest"/>
  <testcase name="testCasesExe" time="5.311" classname="testCases.HybridExecuteTest"/>
  <testcase name="testCasesExe" time="10.703" classname="testCases.HybridExecuteTest"/>
  <testcase name="testCasesExe" time="0.588" classname="testCases.HybridExecuteTest"/>
  <testcase name="testCasesExe" time="0.282" classname="testCases.HybridExecuteTest"/>
  <testcase name="testCasesExe" time="4.338" classname="testCases.HybridExecuteTest"/>
  <testcase name="testCasesExe" time="0.152" classname="testCases.HybridExecuteTest"/>
  <testcase name="testCasesExe" time="0.286" classname="testCases.HybridExecuteTest"/>
  <testcase name="testCasesExe" time="0.507" classname="testCases.HybridExecuteTest"/>
  <testcase name="testCasesExe" time="0.237" classname="testCases.HybridExecuteTest"/>
  <testcase name="testCasesExe" time="0.236" classname="testCases.HybridExecuteTest"/>
  <testcase name="testCasesExe" time="0.171" classname="testCases.HybridExecuteTest"/>
  <testcase name="testCasesExe" time="0.286" classname="testCases.HybridExecuteTest"/>
  <testcase name="testCasesExe" time="0.551" classname="testCases.HybridExecuteTest"/>
  <testcase name="testCasesExe" time="0.156" classname="testCases.HybridExecuteTest"/>
  <testcase name="testCasesExe" time="0.465" classname="testCases.HybridExecuteTest"/>
  <testcase name="testCasesExe" time="2.375" classname="testCases.HybridExecuteTest"/>
  <testcase name="testCasesExe" time="0.468" classname="testCases.HybridExecuteTest"/>
  <testcase name="testCasesExe" time="0.248" classname="testCases.HybridExecuteTest"/>
  <testcase name="testCasesExe" time="5.366" classname="testCases.HybridExecuteTest"/>
  <testcase name="testCasesExe" time="0.038" classname="testCases.HybridExecuteTest"/>
  <testcase name="testCasesExe" time="0.272" classname="testCases.HybridExecuteTest"/>
  <testcase name="testCasesExe" time="0.304" classname="testCases.HybridExecuteTest"/>
  <testcase name="testCasesExe" time="0.082" classname="testCases.HybridExecuteTest"/>
  <testcase name="testCasesExe" time="0.172" classname="testCases.HybridExecuteTest"/>
  <testcase name="testCasesExe" time="0.187" classname="testCases.HybridExecuteTest"/>
  <testcase name="testCasesExe" time="0.062" classname="testCases.HybridExecuteTest"/>
  <testcase name="testCasesExe" time="0.727" classname="testCases.HybridExecuteTest"/>
  <testcase name="testPDFReportThree" time="9.961" classname="testCases.HybridExecuteTest">
    <error type="java.lang.AssertionError" message="expected [true] but found [false]">
      <![CDATA[java.lang.AssertionError: expected [true] but found [false]
	at org.testng.Assert.fail(Assert.java:94)
	at org.testng.Assert.failNotEquals(Assert.java:494)
	at org.testng.Assert.assertTrue(Assert.java:42)
	at org.testng.Assert.assertTrue(Assert.java:52)
	at testCases.HybridExecuteTest.testPDFReportThree(HybridExecuteTest.java:81)
	at sun.reflect.NativeMethodAccessorImpl.invoke0(Native Method)
	at sun.reflect.NativeMethodAccessorImpl.invoke(NativeMethodAccessorImpl.java:57)
	at sun.reflect.DelegatingMethodAccessorImpl.invoke(DelegatingMethodAccessorImpl.java:43)
	at java.lang.reflect.Method.invoke(Method.java:606)
	at org.testng.internal.MethodInvocationHelper.invokeMethod(MethodInvocationHelper.java:84)
	at org.testng.internal.Invoker.invokeMethod(Invoker.java:714)
	at org.testng.internal.Invoker.invokeTestMethod(Invoker.java:901)
	at org.testng.internal.Invoker.invokeTestMethods(Invoker.java:1231)
	at org.testng.internal.TestMethodWorker.invokeTestMethods(TestMethodWorker.java:127)
	at org.testng.internal.TestMethodWorker.run(TestMethodWorker.java:111)
	at org.testng.TestRunner.privateRun(TestRunner.java:767)
	at org.testng.TestRunner.run(TestRunner.java:617)
	at org.testng.SuiteRunner.runTest(SuiteRunner.java:334)
	at org.testng.SuiteRunner.runSequentially(SuiteRunner.java:329)
	at org.testng.SuiteRunner.privateRun(SuiteRunner.java:291)
	at org.testng.SuiteRunner.run(SuiteRunner.java:240)
	at org.testng.SuiteRunnerWorker.runSuite(SuiteRunnerWorker.java:52)
	at org.testng.SuiteRunnerWorker.run(SuiteRunnerWorker.java:86)
	at org.testng.TestNG.runSuitesSequentially(TestNG.java:1224)
	at org.testng.TestNG.runSuitesLocally(TestNG.java:1149)
	at org.testng.TestNG.run(TestNG.java:1057)
	at org.testng.remote.RemoteTestNG.run(RemoteTestNG.java:111)
	at org.testng.remote.RemoteTestNG.initAndRun(RemoteTestNG.java:204)
	at org.testng.remote.RemoteTestNG.main(RemoteTestNG.java:175)
]]>
    </error>
  </testcase> <!-- testPDFReportThree -->
  <testcase name="testCasesExe" time="0.356" classname="testCases.HybridExecuteTest"/>
  <testcase name="testCasesExe" time="3.434" classname="testCases.HybridExecuteTest"/>
  <testcase name="testCasesExe" time="4.517" classname="testCases.HybridExecuteTest"/>
  <testcase name="testCasesExe" time="0.377" classname="testCases.HybridExecuteTest"/>
</testsuite> <!-- testCases.HybridExecuteTest -->
