<?xml version="1.0" encoding="UTF-8"?>
<!-- Generated by org.testng.reporters.JUnitReportReporter -->
<testsuite hostname="Java-Lpt-Vishal" name="com.unicel.testCases.HybridExecuteTest" tests="59" failures="1" timestamp="7 Nov 2014 08:24:34 GMT" time="76.258" errors="1">
  <testcase name="testCasesExe" time="1.612" classname="com.unicel.testCases.HybridExecuteTest"/>
  <testcase name="testCasesExe" time="0.239" classname="com.unicel.testCases.HybridExecuteTest"/>
  <testcase name="testCasesExe" time="0.206" classname="com.unicel.testCases.HybridExecuteTest"/>
  <testcase name="testCasesExe" time="0.094" classname="com.unicel.testCases.HybridExecuteTest"/>
  <testcase name="testCasesExe" time="0.235" classname="com.unicel.testCases.HybridExecuteTest"/>
  <testcase name="testCasesExe" time="4.285" classname="com.unicel.testCases.HybridExecuteTest"/>
  <testcase name="testCasesExe" time="0.435" classname="com.unicel.testCases.HybridExecuteTest"/>
  <testcase name="testCasesExe" time="0.238" classname="com.unicel.testCases.HybridExecuteTest"/>
  <testcase name="testCasesExe" time="0.676" classname="com.unicel.testCases.HybridExecuteTest"/>
  <testcase name="testCasesExe" time="2.910" classname="com.unicel.testCases.HybridExecuteTest"/>
  <testcase name="testCasesExe" time="0.371" classname="com.unicel.testCases.HybridExecuteTest"/>
  <testcase name="testCasesExe" time="0.466" classname="com.unicel.testCases.HybridExecuteTest"/>
  <testcase name="testCasesExe" time="0.054" classname="com.unicel.testCases.HybridExecuteTest"/>
  <testcase name="testCasesExe" time="0.265" classname="com.unicel.testCases.HybridExecuteTest"/>
  <testcase name="testPDFReportThree" time="8.971" classname="com.unicel.testCases.HybridExecuteTest">
    <error type="java.lang.AssertionError" message="expected [true] but found [false]">
      <![CDATA[java.lang.AssertionError: expected [true] but found [false]
	at org.testng.Assert.fail(Assert.java:94)
	at org.testng.Assert.failNotEquals(Assert.java:494)
	at org.testng.Assert.assertTrue(Assert.java:42)
	at org.testng.Assert.assertTrue(Assert.java:52)
	at com.unicel.testCases.HybridExecuteTest.testPDFReportThree(HybridExecuteTest.java:85)
	at sun.reflect.NativeMethodAccessorImpl.invoke0(Native Method)
	at sun.reflect.NativeMethodAccessorImpl.invoke(NativeMethodAccessorImpl.java:57)
	at sun.reflect.DelegatingMethodAccessorImpl.invoke(DelegatingMethodAccessorImpl.java:43)
	at java.lang.reflect.Method.invoke(Method.java:606)
	at org.testng.internal.MethodInvocationHelper.invokeMethod(MethodInvocationHelper.java:84)
	at org.testng.internal.Invoker.invokeMethod(Invoker.java:714)
	at org.testng.internal.Invoker.invokeTestMethod(Invoker.java:901)
	at org.testng.internal.Invoker.invokeTestMethods(Invoker.java:1231)
	at org.testng.internal.TestMethodWorker.invokeTestMethods(TestMethodWorker.java:127)
	at org.testng.internal.TestMethodWorker.run(TestMethodWorker.java:111)
	at org.testng.TestRunner.privateRun(TestRunner.java:767)
	at org.testng.TestRunner.run(TestRunner.java:617)
	at org.testng.SuiteRunner.runTest(SuiteRunner.java:334)
	at org.testng.SuiteRunner.runSequentially(SuiteRunner.java:329)
	at org.testng.SuiteRunner.privateRun(SuiteRunner.java:291)
	at org.testng.SuiteRunner.run(SuiteRunner.java:240)
	at org.testng.SuiteRunnerWorker.runSuite(SuiteRunnerWorker.java:52)
	at org.testng.SuiteRunnerWorker.run(SuiteRunnerWorker.java:86)
	at org.testng.TestNG.runSuitesSequentially(TestNG.java:1224)
	at org.testng.TestNG.runSuitesLocally(TestNG.java:1149)
	at org.testng.TestNG.run(TestNG.java:1057)
	at org.testng.remote.RemoteTestNG.run(RemoteTestNG.java:111)
	at org.testng.remote.RemoteTestNG.initAndRun(RemoteTestNG.java:204)
	at org.testng.remote.RemoteTestNG.main(RemoteTestNG.java:175)
]]>
    </error>
  </testcase> <!-- testPDFReportThree -->
  <testcase name="testCasesExe" time="1.002" classname="com.unicel.testCases.HybridExecuteTest"/>
  <testcase name="testCasesExe" time="0.296" classname="com.unicel.testCases.HybridExecuteTest"/>
  <testcase name="testCasesExe" time="0.531" classname="com.unicel.testCases.HybridExecuteTest"/>
  <testcase name="testCasesExe" time="0.441" classname="com.unicel.testCases.HybridExecuteTest"/>
  <testcase name="testCasesExe" time="0.449" classname="com.unicel.testCases.HybridExecuteTest"/>
  <testcase name="testCasesExe" time="0.235" classname="com.unicel.testCases.HybridExecuteTest"/>
  <testcase name="testCasesExe" time="5.139" classname="com.unicel.testCases.HybridExecuteTest"/>
  <testcase name="testCasesExe" time="0.542" classname="com.unicel.testCases.HybridExecuteTest"/>
  <testcase name="testCasesExe" time="0.200" classname="com.unicel.testCases.HybridExecuteTest"/>
  <testcase name="testCasesExe" time="0.223" classname="com.unicel.testCases.HybridExecuteTest"/>
  <testcase name="testCasesExe" time="0.212" classname="com.unicel.testCases.HybridExecuteTest"/>
  <testcase name="testCasesExe" time="2.625" classname="com.unicel.testCases.HybridExecuteTest"/>
  <testcase name="testCasesExe" time="0.442" classname="com.unicel.testCases.HybridExecuteTest"/>
  <testcase name="testCasesExe" time="0.165" classname="com.unicel.testCases.HybridExecuteTest"/>
  <testcase name="testCasesExe" time="0.053" classname="com.unicel.testCases.HybridExecuteTest"/>
  <testcase name="testCasesExe" time="0.335" classname="com.unicel.testCases.HybridExecuteTest"/>
  <testcase name="testCasesExe" time="0.271" classname="com.unicel.testCases.HybridExecuteTest"/>
  <testcase name="testCasesExe" time="0.326" classname="com.unicel.testCases.HybridExecuteTest"/>
  <testcase name="testCasesExe" time="0.323" classname="com.unicel.testCases.HybridExecuteTest"/>
  <testcase name="testCasesExe" time="0.227" classname="com.unicel.testCases.HybridExecuteTest"/>
  <testcase name="testCasesExe" time="0.354" classname="com.unicel.testCases.HybridExecuteTest"/>
  <testcase name="testCasesExe" time="0.497" classname="com.unicel.testCases.HybridExecuteTest"/>
  <testcase name="testCasesExe" time="5.746" classname="com.unicel.testCases.HybridExecuteTest"/>
  <testcase name="testCasesExe" time="0.312" classname="com.unicel.testCases.HybridExecuteTest"/>
  <testcase name="testCasesExe" time="0.173" classname="com.unicel.testCases.HybridExecuteTest">
    <failure type="org.openqa.selenium.UnhandledAlertException" message="Modal dialog present: actone:1acttwo:1actthree:1actfour:1
Build info: version: &#039;2.41.0&#039;, revision: &#039;3192d8a&#039;, time: &#039;2014-03-27 17:18:15&#039;
System info: host: &#039;Java-Lpt-Vishal&#039;, ip: &#039;193.168.2.100&#039;, os.name: &#039;Windows 7&#039;, os.arch: &#039;amd64&#039;, os.version: &#039;6.1&#039;, java.version: &#039;1.7.0_60&#039;
Session ID: 1914c7d1-f4dc-4ac7-9caa-c0018458663e
Driver info: org.openqa.selenium.firefox.FirefoxDriver
Capabilities [{platform=XP, acceptSslCerts=true, javascriptEnabled=true, cssSelectorsEnabled=true, databaseEnabled=true, browserName=firefox, handlesAlerts=true, browserConnectionEnabled=true, webStorageEnabled=true, nativeEvents=true, rotatable=false, locationContextEnabled=true, applicationCacheEnabled=true, takesScreenshot=true, version=28.0}]">
      <![CDATA[org.openqa.selenium.UnhandledAlertException: Modal dialog present: actone:1acttwo:1actthree:1actfour:1
Build info: version: '2.41.0', revision: '3192d8a', time: '2014-03-27 17:18:15'
System info: host: 'Java-Lpt-Vishal', ip: '193.168.2.100', os.name: 'Windows 7', os.arch: 'amd64', os.version: '6.1', java.version: '1.7.0_60'
Session ID: 1914c7d1-f4dc-4ac7-9caa-c0018458663e
Driver info: org.openqa.selenium.firefox.FirefoxDriver
Capabilities [{platform=XP, acceptSslCerts=true, javascriptEnabled=true, cssSelectorsEnabled=true, databaseEnabled=true, browserName=firefox, handlesAlerts=true, browserConnectionEnabled=true, webStorageEnabled=true, nativeEvents=true, rotatable=false, locationContextEnabled=true, applicationCacheEnabled=true, takesScreenshot=true, version=28.0}]
	at sun.reflect.NativeConstructorAccessorImpl.newInstance0(Native Method)
	at sun.reflect.NativeConstructorAccessorImpl.newInstance(NativeConstructorAccessorImpl.java:57)
	at sun.reflect.DelegatingConstructorAccessorImpl.newInstance(DelegatingConstructorAccessorImpl.java:45)
	at java.lang.reflect.Constructor.newInstance(Constructor.java:526)
	at org.openqa.selenium.remote.ErrorHandler.createThrowable(ErrorHandler.java:193)
	at org.openqa.selenium.remote.ErrorHandler.createUnhandledAlertException(ErrorHandler.java:174)
	at org.openqa.selenium.remote.ErrorHandler.throwIfResponseFailed(ErrorHandler.java:141)
	at org.openqa.selenium.remote.RemoteWebDriver.execute(RemoteWebDriver.java:595)
	at org.openqa.selenium.firefox.FirefoxDriver.access$0(FirefoxDriver.java:1)
	at org.openqa.selenium.firefox.FirefoxDriver$1$1.implicitlyWait(FirefoxDriver.java:219)
	at com.unicel.testCases.HybridExecuteTest.testCasesExe(HybridExecuteTest.java:55)
	at sun.reflect.GeneratedMethodAccessor9.invoke(Unknown Source)
	at sun.reflect.DelegatingMethodAccessorImpl.invoke(DelegatingMethodAccessorImpl.java:43)
	at java.lang.reflect.Method.invoke(Method.java:606)
	at org.testng.internal.MethodInvocationHelper.invokeMethod(MethodInvocationHelper.java:84)
	at org.testng.internal.Invoker.invokeMethod(Invoker.java:714)
	at org.testng.internal.Invoker.invokeTestMethod(Invoker.java:901)
	at org.testng.internal.Invoker.invokeTestMethods(Invoker.java:1231)
	at org.testng.internal.TestMethodWorker.invokeTestMethods(TestMethodWorker.java:127)
	at org.testng.internal.TestMethodWorker.run(TestMethodWorker.java:111)
	at org.testng.TestRunner.privateRun(TestRunner.java:767)
	at org.testng.TestRunner.run(TestRunner.java:617)
	at org.testng.SuiteRunner.runTest(SuiteRunner.java:334)
	at org.testng.SuiteRunner.runSequentially(SuiteRunner.java:329)
	at org.testng.SuiteRunner.privateRun(SuiteRunner.java:291)
	at org.testng.SuiteRunner.run(SuiteRunner.java:240)
	at org.testng.SuiteRunnerWorker.runSuite(SuiteRunnerWorker.java:52)
	at org.testng.SuiteRunnerWorker.run(SuiteRunnerWorker.java:86)
	at org.testng.TestNG.runSuitesSequentially(TestNG.java:1224)
	at org.testng.TestNG.runSuitesLocally(TestNG.java:1149)
	at org.testng.TestNG.run(TestNG.java:1057)
	at org.testng.remote.RemoteTestNG.run(RemoteTestNG.java:111)
	at org.testng.remote.RemoteTestNG.initAndRun(RemoteTestNG.java:204)
	at org.testng.remote.RemoteTestNG.main(RemoteTestNG.java:175)
]]>
    </failure>
  </testcase> <!-- testCasesExe -->
  <testcase name="testCasesExe" time="0.392" classname="com.unicel.testCases.HybridExecuteTest"/>
  <testcase name="testCasesExe" time="0.276" classname="com.unicel.testCases.HybridExecuteTest"/>
  <testcase name="testCasesExe" time="8.640" classname="com.unicel.testCases.HybridExecuteTest"/>
  <testcase name="testCasesExe" time="0.050" classname="com.unicel.testCases.HybridExecuteTest"/>
  <testcase name="testCasesExe" time="0.403" classname="com.unicel.testCases.HybridExecuteTest"/>
  <testcase name="testCasesExe" time="0.562" classname="com.unicel.testCases.HybridExecuteTest"/>
  <testcase name="testCasesExe" time="0.193" classname="com.unicel.testCases.HybridExecuteTest"/>
  <testcase name="testCasesExe" time="15.834" classname="com.unicel.testCases.HybridExecuteTest"/>
  <testcase name="testCasesExe" time="0.372" classname="com.unicel.testCases.HybridExecuteTest"/>
  <testcase name="testCasesExe" time="0.128" classname="com.unicel.testCases.HybridExecuteTest"/>
  <testcase name="testCasesExe" time="1.007" classname="com.unicel.testCases.HybridExecuteTest"/>
  <testcase name="testCasesExe" time="0.333" classname="com.unicel.testCases.HybridExecuteTest"/>
  <testcase name="testCasesExe" time="0.428" classname="com.unicel.testCases.HybridExecuteTest"/>
  <testcase name="testCasesExe" time="1.487" classname="com.unicel.testCases.HybridExecuteTest"/>
  <testcase name="testCasesExe" time="2.941" classname="com.unicel.testCases.HybridExecuteTest"/>
  <testcase name="testCasesExe" time="0.532" classname="com.unicel.testCases.HybridExecuteTest"/>
  <testcase name="testCasesExe" time="0.226" classname="com.unicel.testCases.HybridExecuteTest"/>
  <testcase name="testCasesExe" time="0.164" classname="com.unicel.testCases.HybridExecuteTest"/>
  <testcase name="testCasesExe" time="0.114" classname="com.unicel.testCases.HybridExecuteTest"/>
</testsuite> <!-- com.unicel.testCases.HybridExecuteTest -->
